[debug] [2019-11-04T09:21:31.483Z] ----------------------------------------------------------------------
[debug] [2019-11-04T09:21:31.485Z] Command:       /Users/cedjud/.nvm/versions/node/v11.10.1/bin/node /Users/cedjud/.nvm/versions/node/v11.10.1/bin/firebase serve --only functions
[debug] [2019-11-04T09:21:31.485Z] CLI Version:   7.6.2
[debug] [2019-11-04T09:21:31.485Z] Platform:      darwin
[debug] [2019-11-04T09:21:31.485Z] Node Version:  v11.10.1
[debug] [2019-11-04T09:21:31.486Z] Time:          Mon Nov 04 2019 10:21:31 GMT+0100 (Central European Standard Time)
[debug] [2019-11-04T09:21:31.486Z] ----------------------------------------------------------------------
[debug] [2019-11-04T09:21:31.486Z] 
[debug] [2019-11-04T09:21:31.497Z] > command requires scopes: ["email","openid","https://www.googleapis.com/auth/cloudplatformprojects.readonly","https://www.googleapis.com/auth/firebase","https://www.googleapis.com/auth/cloud-platform"]
[debug] [2019-11-04T09:21:31.498Z] > authorizing via signed-in user
[debug] [2019-11-04T09:21:31.498Z] [iam] checking project nst-prototype for permissions ["firebase.projects.get"]
[debug] [2019-11-04T09:21:31.499Z] > refreshing access token with scopes: ["email","https://www.googleapis.com/auth/cloud-platform","https://www.googleapis.com/auth/cloudplatformprojects.readonly","https://www.googleapis.com/auth/firebase","openid"]
[debug] [2019-11-04T09:21:31.500Z] >>> HTTP REQUEST POST https://www.googleapis.com/oauth2/v3/token  
 <request body omitted>
[debug] [2019-11-04T09:21:31.657Z] <<< HTTP RESPONSE 200
[debug] [2019-11-04T09:21:31.678Z] >>> HTTP REQUEST POST https://cloudresourcemanager.googleapis.com/v1/projects/nst-prototype:testIamPermissions  

[debug] [2019-11-04T09:21:32.661Z] <<< HTTP RESPONSE 200
[debug] [2019-11-04T09:21:32.662Z] >>> HTTP REQUEST GET https://firebase.googleapis.com/v1beta1/projects/nst-prototype  
 
[debug] [2019-11-04T09:21:32.895Z] <<< HTTP RESPONSE 200
[warn] ⚠  Your requested "node" version "8" doesn't match your global version "11"
[info] ✔  functions: Emulator started at http://localhost:5000
[info] i  functions: Watching "/Users/cedjud/Sites/tests/diy-karaoke/functions" for Cloud Functions...
[debug] [2019-11-04T09:21:33.176Z] [worker-~diagnostic~-623a4576-d8c3-41b4-8cad-ee67ca967e02]: BUSY
[debug] [2019-11-04T09:21:33.458Z] [runtime-status] Functions runtime initialized. {"cwd":"/Users/cedjud/Sites/tests/diy-karaoke/functions","node_version":"11.10.1"}
[debug] [2019-11-04T09:21:33.460Z] [runtime-status] Disabled runtime features: {"functions_config_helper":true,"network_filtering":true,"timeout":true,"memory_limiting":true,"admin_stubs":true} {}
[debug] [2019-11-04T09:21:33.463Z] [runtime-status] Resolved module firebase-admin {"declared":true,"installed":true,"version":"8.7.0","resolution":"/Users/cedjud/Sites/tests/diy-karaoke/functions/node_modules/firebase-admin/lib/index.js"}
[debug] [2019-11-04T09:21:33.464Z] [runtime-status] Resolved module firebase-functions {"declared":true,"installed":true,"version":"3.3.0","resolution":"/Users/cedjud/Sites/tests/diy-karaoke/functions/node_modules/firebase-functions/lib/index.js"}
[debug] [2019-11-04T09:21:33.465Z] [runtime-status] Resolved module firebase-functions {"declared":true,"installed":true,"version":"3.3.0","resolution":"/Users/cedjud/Sites/tests/diy-karaoke/functions/node_modules/firebase-functions/lib/index.js"}
[info] ✔  functions[getLyrics]: http function initialized (http://localhost:5000/nst-prototype/us-central1/getLyrics).
[info] ✔  functions[searchTracks]: http function initialized (http://localhost:5000/nst-prototype/us-central1/searchTracks).
[debug] [2019-11-04T09:21:33.755Z] [worker-~diagnostic~-623a4576-d8c3-41b4-8cad-ee67ca967e02]: exited
[debug] [2019-11-04T09:21:33.755Z] [worker-~diagnostic~-623a4576-d8c3-41b4-8cad-ee67ca967e02]: FINISHED
[debug] [2019-11-04T09:22:18.519Z] Accepted request GET /nst-prototype/us-central1/getLyrics?songId=201838 --> getLyrics
[debug] [2019-11-04T09:22:18.530Z] [worker-getLyrics-4b9fee25-25e2-45e3-b1ae-7ee253e756bb]: BUSY
[debug] [2019-11-04T09:22:19.030Z] [runtime-status] Functions runtime initialized. {"cwd":"/Users/cedjud/Sites/tests/diy-karaoke/functions","node_version":"11.10.1"}
[debug] [2019-11-04T09:22:19.032Z] [runtime-status] Disabled runtime features: {"functions_config_helper":true,"network_filtering":true,"timeout":true,"memory_limiting":true,"admin_stubs":true} {}
[debug] [2019-11-04T09:22:19.036Z] [runtime-status] Resolved module firebase-admin {"declared":true,"installed":true,"version":"8.7.0","resolution":"/Users/cedjud/Sites/tests/diy-karaoke/functions/node_modules/firebase-admin/lib/index.js"}
[debug] [2019-11-04T09:22:19.037Z] [runtime-status] Resolved module firebase-functions {"declared":true,"installed":true,"version":"3.3.0","resolution":"/Users/cedjud/Sites/tests/diy-karaoke/functions/node_modules/firebase-functions/lib/index.js"}
[debug] [2019-11-04T09:22:19.038Z] [runtime-status] Resolved module firebase-functions {"declared":true,"installed":true,"version":"3.3.0","resolution":"/Users/cedjud/Sites/tests/diy-karaoke/functions/node_modules/firebase-functions/lib/index.js"}
[debug] [2019-11-04T09:22:19.341Z] [runtime-status] Trigger "getLyrics" has been found, beginning invocation! {}
[info] i  functions: Beginning execution of "getLyrics"
[debug] [2019-11-04T09:22:19.341Z] [runtime-status]  {"httpsTrigger":{},"name":"getLyrics","entryPoint":"getLyrics"}
[debug] [2019-11-04T09:22:19.341Z] [runtime-status] Running getLyrics in mode HTTPS {}
[debug] [2019-11-04T09:22:19.349Z] {"socketPath":"/var/folders/63/jqcbmhf90fxbwxpclhpm0_yc0000gn/T/firebase_emulator_invocation_40660.sock"}
[debug] [2019-11-04T09:22:19.351Z] [functions] Runtime ready! Sending request! {"socketPath":"/var/folders/63/jqcbmhf90fxbwxpclhpm0_yc0000gn/T/firebase_emulator_invocation_40660.sock"}
[debug] [2019-11-04T09:22:19.361Z] [runtime-status] Ephemeral server used! {}
[debug] [2019-11-04T09:22:19.384Z] [runtime-status] Ephemeral server survived. {}
[info] >  youtube
[info] >  parsedData: { lyricPath:
[info] >     'https://genius.com/Walt-disney-records-the-bare-necessities-lyrics',
[info] >    coverArt:
[info] >     'https://images.genius.com/e045ea5784e044a18937dabe5665be3d.1000x1000x1.png',
[info] >    youtubePath: 'http://www.youtube.com/watch?v=9ogQ0uge06o',
[info] >    youtubeId: '9ogQ0uge06o' }
[info] >  { lyricPath:
[info] >     'https://genius.com/Walt-disney-records-the-bare-necessities-lyrics',
[info] >    coverArt:
[info] >     'https://images.genius.com/e045ea5784e044a18937dabe5665be3d.1000x1000x1.png',
[info] >    youtubePath: 'http://www.youtube.com/watch?v=9ogQ0uge06o',
[info] >    youtubeId: '9ogQ0uge06o',
[info] >    lyrics:
[info] >     [ '[Hook 1]',
[info] >       'Look for the bare necessities',
[info] >       'The simple bare necessities',
[info] >       'Forget about your worries and your strife',
[info] >       'I mean the bare necessities',
[info] >       "Old Mother Nature's recipes",
[info] >       'That brings the bare necessities of life',
[info] >       '[Verse 1]',
[info] >       'Wherever I wander, wherever I roam',
[info] >       "I couldn't be fonder of my big home",
[info] >       "The bees are buzzin' in the tree",
[info] >       'To make some honey just for me',
[info] >       'When you look under the rocks and plants',
[info] >       'And take a glance at the fancy ants',
[info] >       'Then maybe try a few',
[info] >       '[Interlude 1]',
[info] >       '(You eat ants!?)',
[info] >       'Haha, you better believe it',
[info] >       "You're going to love the way they tickle",
[info] >       '(Mowgli, watch out!)',
[info] >       '[Bridge]',
[info] >       'The bare necessities of life will come to you',
[info] >       "They'll come to you!",
[info] >       '[Hook 2]',
[info] >       'Look for the bare necessities',
[info] >       'The simple bare necessities',
[info] >       'Forget about your worries and your strife',
[info] >       'I mean the bare necessities',
[info] >       "That's why a bear can rest at ease",
[info] >       'With just the bare necessities of life',
[info] >       '[Verse 2]',
[info] >       'Now when you pick a pawpaw',
[info] >       'Or a prickly pear',
[info] >       'And you prick a raw paw',
[info] >       'Next time beware',
[info] >       "Don't pick the prickly pear by the paw",
[info] >       'When you pick a pear',
[info] >       'Try to use the claw',
[info] >       "But you don't need to use the claw",
[info] >       'When you pick a pear of the big pawpaw',
[info] >       '[Interlude 2]',
[info] >       'Have I given you a clue?',
[info] >       '(Golly, thanks Baloo!)',
[info] >       '(Pawpaw, hah! Of all the silly gibberish)',
[info] >       "C'mon Baggy, get with the beat!",
[info] >       '[Bridge]',
[info] >       'The bare necessities of life will come to you',
[info] >       "They'll come to you!",
[info] >       '[Verse 3]',
[info] >       'So just try and relax, yeah cool it',
[info] >       'Fall apart in my backyard',
[info] >       'Cause let me tell you something little britches',
[info] >       'If you act like that bee acts, uh uh',
[info] >       "You're working too hard",
[info] >       '[Verse 4]',
[info] >       "And don't spend your time lookin' around",
[info] >       "For something you want that can't be found",
[info] >       'When you find out you can live without it',
[info] >       "And go along not thinkin' about it",
[info] >       "I'll tell you something true",
[info] >       '[Bridge]',
[info] >       'The bare necessities of life will come to you',
[info] >       "They'll come to you!" ],
[info] >    words:
[info] >     [ { word: '[Hook', line: 0 },
[info] >       { word: '1]', line: 0 },
[info] >       { word: 'Look', line: 1 },
[info] >       { word: 'for', line: 1 },
[info] >       { word: 'the', line: 1 },
[info] >       { word: 'bare', line: 1 },
[info] >       { word: 'necessities', line: 1 },
[info] >       { word: 'The', line: 2 },
[info] >       { word: 'simple', line: 2 },
[info] >       { word: 'bare', line: 2 },
[info] >       { word: 'necessities', line: 2 },
[info] >       { word: 'Forget', line: 3 },
[info] >       { word: 'about', line: 3 },
[info] >       { word: 'your', line: 3 },
[info] >       { word: 'worries', line: 3 },
[info] >       { word: 'and', line: 3 },
[info] >       { word: 'your', line: 3 },
[info] >       { word: 'strife', line: 3 },
[info] >       { word: 'I', line: 4 },
[info] >       { word: 'mean', line: 4 },
[info] >       { word: 'the', line: 4 },
[info] >       { word: 'bare', line: 4 },
[info] >       { word: 'necessities', line: 4 },
[info] >       { word: 'Old', line: 5 },
[info] >       { word: 'Mother', line: 5 },
[info] >       { word: "Nature's", line: 5 },
[info] >       { word: 'recipes', line: 5 },
[info] >       { word: 'That', line: 6 },
[info] >       { word: 'brings', line: 6 },
[info] >       { word: 'the', line: 6 },
[info] >       { word: 'bare', line: 6 },
[info] >       { word: 'necessities', line: 6 },
[info] >       { word: 'of', line: 6 },
[info] >       { word: 'life', line: 6 },
[info] >       { word: '[Verse', line: 7 },
[info] >       { word: '1]', line: 7 },
[info] >       { word: 'Wherever', line: 8 },
[info] >       { word: 'I', line: 8 },
[info] >       { word: 'wander,', line: 8 },
[info] >       { word: 'wherever', line: 8 },
[info] >       { word: 'I', line: 8 },
[info] >       { word: 'roam', line: 8 },
[info] >       { word: 'I', line: 9 },
[info] >       { word: "couldn't", line: 9 },
[info] >       { word: 'be', line: 9 },
[info] >       { word: 'fonder', line: 9 },
[info] >       { word: 'of', line: 9 },
[info] >       { word: 'my', line: 9 },
[info] >       { word: 'big', line: 9 },
[info] >       { word: 'home', line: 9 },
[info] >       { word: 'The', line: 10 },
[info] >       { word: 'bees', line: 10 },
[info] >       { word: 'are', line: 10 },
[info] >       { word: "buzzin'", line: 10 },
[info] >       { word: 'in', line: 10 },
[info] >       { word: 'the', line: 10 },
[info] >       { word: 'tree', line: 10 },
[info] >       { word: 'To', line: 11 },
[info] >       { word: 'make', line: 11 },
[info] >       { word: 'some', line: 11 },
[info] >       { word: 'honey', line: 11 },
[info] >       { word: 'just', line: 11 },
[info] >       { word: 'for', line: 11 },
[info] >       { word: 'me', line: 11 },
[info] >       { word: 'When', line: 12 },
[info] >       { word: 'you', line: 12 },
[info] >       { word: 'look', line: 12 },
[info] >       { word: 'under', line: 12 },
[info] >       { word: 'the', line: 12 },
[info] >       { word: 'rocks', line: 12 },
[info] >       { word: 'and', line: 12 },
[info] >       { word: 'plants', line: 12 },
[info] >       { word: 'And', line: 13 },
[info] >       { word: 'take', line: 13 },
[info] >       { word: 'a', line: 13 },
[info] >       { word: 'glance', line: 13 },
[info] >       { word: 'at', line: 13 },
[info] >       { word: 'the', line: 13 },
[info] >       { word: 'fancy', line: 13 },
[info] >       { word: 'ants', line: 13 },
[info] >       { word: 'Then', line: 14 },
[info] >       { word: 'maybe', line: 14 },
[info] >       { word: 'try', line: 14 },
[info] >       { word: 'a', line: 14 },
[info] >       { word: 'few', line: 14 },
[info] >       { word: '[Interlude', line: 15 },
[info] >       { word: '1]', line: 15 },
[info] >       { word: '(You', line: 16 },
[info] >       { word: 'eat', line: 16 },
[info] >       { word: 'ants!?)', line: 16 },
[info] >       { word: 'Haha,', line: 17 },
[info] >       { word: 'you', line: 17 },
[info] >       { word: 'better', line: 17 },
[info] >       { word: 'believe', line: 17 },
[info] >       { word: 'it', line: 17 },
[info] >       { word: "You're", line: 18 },
[info] >       { word: 'going', line: 18 },
[info] >       { word: 'to', line: 18 },
[info] >       { word: 'love', line: 18 },
[info] >       { word: 'the', line: 18 },
[info] >       ... 240 more items ] }
[info] i  functions: Finished "getLyrics" in ~1s
[debug] [2019-11-04T09:22:21.032Z] [worker-getLyrics-4b9fee25-25e2-45e3-b1ae-7ee253e756bb]: IDLE
[debug] [2019-11-04T09:22:30.158Z] Accepted request GET /nst-prototype/us-central1/getLyrics?songId=201838 --> getLyrics
[debug] [2019-11-04T09:22:30.159Z] [worker-getLyrics-4b9fee25-25e2-45e3-b1ae-7ee253e756bb]: BUSY
[debug] [2019-11-04T09:22:30.163Z] [runtime-status] Trigger "getLyrics" has been found, beginning invocation! {}
[info] i  functions: Beginning execution of "getLyrics"
[debug] [2019-11-04T09:22:30.163Z] [runtime-status]  {"httpsTrigger":{},"name":"getLyrics","entryPoint":"getLyrics"}
[debug] [2019-11-04T09:22:30.163Z] [runtime-status] Running getLyrics in mode HTTPS {}
[debug] [2019-11-04T09:22:30.164Z] {"socketPath":"/var/folders/63/jqcbmhf90fxbwxpclhpm0_yc0000gn/T/firebase_emulator_invocation_40660.sock"}
[debug] [2019-11-04T09:22:30.167Z] [functions] Runtime ready! Sending request! {"socketPath":"/var/folders/63/jqcbmhf90fxbwxpclhpm0_yc0000gn/T/firebase_emulator_invocation_40660.sock"}
[debug] [2019-11-04T09:22:30.173Z] [runtime-status] Ephemeral server used! {}
[debug] [2019-11-04T09:22:30.176Z] [runtime-status] Ephemeral server survived. {}
[info] >  youtube
[info] >  parsedData: { lyricPath:
[info] >     'https://genius.com/Walt-disney-records-the-bare-necessities-lyrics',
[info] >    coverArt:
[info] >     'https://images.genius.com/e045ea5784e044a18937dabe5665be3d.1000x1000x1.png',
[info] >    youtubePath: 'http://www.youtube.com/watch?v=9ogQ0uge06o',
[info] >    youtubeId: '9ogQ0uge06o' }
[info] >  { lyricPath:
[info] >     'https://genius.com/Walt-disney-records-the-bare-necessities-lyrics',
[info] >    coverArt:
[info] >     'https://images.genius.com/e045ea5784e044a18937dabe5665be3d.1000x1000x1.png',
[info] >    youtubePath: 'http://www.youtube.com/watch?v=9ogQ0uge06o',
[info] >    youtubeId: '9ogQ0uge06o',
[info] >    lyrics:
[info] >     [ '[Hook 1]',
[info] >       'Look for the bare necessities',
[info] >       'The simple bare necessities',
[info] >       'Forget about your worries and your strife',
[info] >       'I mean the bare necessities',
[info] >       "Old Mother Nature's recipes",
[info] >       'That brings the bare necessities of life',
[info] >       '[Verse 1]',
[info] >       'Wherever I wander, wherever I roam',
[info] >       "I couldn't be fonder of my big home",
[info] >       "The bees are buzzin' in the tree",
[info] >       'To make some honey just for me',
[info] >       'When you look under the rocks and plants',
[info] >       'And take a glance at the fancy ants',
[info] >       'Then maybe try a few',
[info] >       '[Interlude 1]',
[info] >       '(You eat ants!?)',
[info] >       'Haha, you better believe it',
[info] >       "You're going to love the way they tickle",
[info] >       '(Mowgli, watch out!)',
[info] >       '[Bridge]',
[info] >       'The bare necessities of life will come to you',
[info] >       "They'll come to you!",
[info] >       '[Hook 2]',
[info] >       'Look for the bare necessities',
[info] >       'The simple bare necessities',
[info] >       'Forget about your worries and your strife',
[info] >       'I mean the bare necessities',
[info] >       "That's why a bear can rest at ease",
[info] >       'With just the bare necessities of life',
[info] >       '[Verse 2]',
[info] >       'Now when you pick a pawpaw',
[info] >       'Or a prickly pear',
[info] >       'And you prick a raw paw',
[info] >       'Next time beware',
[info] >       "Don't pick the prickly pear by the paw",
[info] >       'When you pick a pear',
[info] >       'Try to use the claw',
[info] >       "But you don't need to use the claw",
[info] >       'When you pick a pear of the big pawpaw',
[info] >       '[Interlude 2]',
[info] >       'Have I given you a clue?',
[info] >       '(Golly, thanks Baloo!)',
[info] >       '(Pawpaw, hah! Of all the silly gibberish)',
[info] >       "C'mon Baggy, get with the beat!",
[info] >       '[Bridge]',
[info] >       'The bare necessities of life will come to you',
[info] >       "They'll come to you!",
[info] >       '[Verse 3]',
[info] >       'So just try and relax, yeah cool it',
[info] >       'Fall apart in my backyard',
[info] >       'Cause let me tell you something little britches',
[info] >       'If you act like that bee acts, uh uh',
[info] >       "You're working too hard",
[info] >       '[Verse 4]',
[info] >       "And don't spend your time lookin' around",
[info] >       "For something you want that can't be found",
[info] >       'When you find out you can live without it',
[info] >       "And go along not thinkin' about it",
[info] >       "I'll tell you something true",
[info] >       '[Bridge]',
[info] >       'The bare necessities of life will come to you',
[info] >       "They'll come to you!" ],
[info] >    words:
[info] >     [ { word: '[Hook', line: 0 },
[info] >       { word: '1]', line: 0 },
[info] >       { word: 'Look', line: 1 },
[info] >       { word: 'for', line: 1 },
[info] >       { word: 'the', line: 1 },
[info] >       { word: 'bare', line: 1 },
[info] >       { word: 'necessities', line: 1 },
[info] >       { word: 'The', line: 2 },
[info] >       { word: 'simple', line: 2 },
[info] >       { word: 'bare', line: 2 },
[info] >       { word: 'necessities', line: 2 },
[info] >       { word: 'Forget', line: 3 },
[info] >       { word: 'about', line: 3 },
[info] >       { word: 'your', line: 3 },
[info] >       { word: 'worries', line: 3 },
[info] >       { word: 'and', line: 3 },
[info] >       { word: 'your', line: 3 },
[info] >       { word: 'strife', line: 3 },
[info] >       { word: 'I', line: 4 },
[info] >       { word: 'mean', line: 4 },
[info] >       { word: 'the', line: 4 },
[info] >       { word: 'bare', line: 4 },
[info] >       { word: 'necessities', line: 4 },
[info] >       { word: 'Old', line: 5 },
[info] >       { word: 'Mother', line: 5 },
[info] >       { word: "Nature's", line: 5 },
[info] >       { word: 'recipes', line: 5 },
[info] >       { word: 'That', line: 6 },
[info] >       { word: 'brings', line: 6 },
[info] >       { word: 'the', line: 6 },
[info] >       { word: 'bare', line: 6 },
[info] >       { word: 'necessities', line: 6 },
[info] >       { word: 'of', line: 6 },
[info] >       { word: 'life', line: 6 },
[info] >       { word: '[Verse', line: 7 },
[info] >       { word: '1]', line: 7 },
[info] >       { word: 'Wherever', line: 8 },
[info] >       { word: 'I', line: 8 },
[info] >       { word: 'wander,', line: 8 },
[info] >       { word: 'wherever', line: 8 },
[info] >       { word: 'I', line: 8 },
[info] >       { word: 'roam', line: 8 },
[info] >       { word: 'I', line: 9 },
[info] >       { word: "couldn't", line: 9 },
[info] >       { word: 'be', line: 9 },
[info] >       { word: 'fonder', line: 9 },
[info] >       { word: 'of', line: 9 },
[info] >       { word: 'my', line: 9 },
[info] >       { word: 'big', line: 9 },
[info] >       { word: 'home', line: 9 },
[info] >       { word: 'The', line: 10 },
[info] >       { word: 'bees', line: 10 },
[info] >       { word: 'are', line: 10 },
[info] >       { word: "buzzin'", line: 10 },
[info] >       { word: 'in', line: 10 },
[info] >       { word: 'the', line: 10 },
[info] >       { word: 'tree', line: 10 },
[info] >       { word: 'To', line: 11 },
[info] >       { word: 'make', line: 11 },
[info] >       { word: 'some', line: 11 },
[info] >       { word: 'honey', line: 11 },
[info] >       { word: 'just', line: 11 },
[info] >       { word: 'for', line: 11 },
[info] >       { word: 'me', line: 11 },
[info] >       { word: 'When', line: 12 },
[info] >       { word: 'you', line: 12 },
[info] >       { word: 'look', line: 12 },
[info] >       { word: 'under', line: 12 },
[info] >       { word: 'the', line: 12 },
[info] >       { word: 'rocks', line: 12 },
[info] >       { word: 'and', line: 12 },
[info] >       { word: 'plants', line: 12 },
[info] >       { word: 'And', line: 13 },
[info] >       { word: 'take', line: 13 },
[info] >       { word: 'a', line: 13 },
[info] >       { word: 'glance', line: 13 },
[info] >       { word: 'at', line: 13 },
[info] >       { word: 'the', line: 13 },
[info] >       { word: 'fancy', line: 13 },
[info] >       { word: 'ants', line: 13 },
[info] >       { word: 'Then', line: 14 },
[info] >       { word: 'maybe', line: 14 },
[info] >       { word: 'try', line: 14 },
[info] >       { word: 'a', line: 14 },
[info] >       { word: 'few', line: 14 },
[info] >       { word: '[Interlude', line: 15 },
[info] >       { word: '1]', line: 15 },
[info] >       { word: '(You', line: 16 },
[info] >       { word: 'eat', line: 16 },
[info] >       { word: 'ants!?)', line: 16 },
[info] >       { word: 'Haha,', line: 17 },
[info] >       { word: 'you', line: 17 },
[info] >       { word: 'better', line: 17 },
[info] >       { word: 'believe', line: 17 },
[info] >       { word: 'it', line: 17 },
[info] >       { word: "You're", line: 18 },
[info] >       { word: 'going', line: 18 },
[info] >       { word: 'to', line: 18 },
[info] >       { word: 'love', line: 18 },
[info] >       { word: 'the', line: 18 },
[info] >       ... 240 more items ] }
[info] i  functions: Finished "getLyrics" in ~1s
[debug] [2019-11-04T09:22:31.058Z] [worker-getLyrics-4b9fee25-25e2-45e3-b1ae-7ee253e756bb]: IDLE
[debug] [2019-11-04T09:22:58.381Z] Accepted request GET /nst-prototype/us-central1/getLyrics?songId=201838 --> getLyrics
[debug] [2019-11-04T09:22:58.382Z] [worker-getLyrics-4b9fee25-25e2-45e3-b1ae-7ee253e756bb]: BUSY
[debug] [2019-11-04T09:22:58.384Z] [runtime-status] Trigger "getLyrics" has been found, beginning invocation! {}
[info] i  functions: Beginning execution of "getLyrics"
[debug] [2019-11-04T09:22:58.385Z] [runtime-status]  {"httpsTrigger":{},"name":"getLyrics","entryPoint":"getLyrics"}
[debug] [2019-11-04T09:22:58.385Z] [runtime-status] Running getLyrics in mode HTTPS {}
[debug] [2019-11-04T09:22:58.385Z] {"socketPath":"/var/folders/63/jqcbmhf90fxbwxpclhpm0_yc0000gn/T/firebase_emulator_invocation_40660.sock"}
[debug] [2019-11-04T09:22:58.387Z] [functions] Runtime ready! Sending request! {"socketPath":"/var/folders/63/jqcbmhf90fxbwxpclhpm0_yc0000gn/T/firebase_emulator_invocation_40660.sock"}
[debug] [2019-11-04T09:22:58.395Z] [runtime-status] Ephemeral server used! {}
[debug] [2019-11-04T09:22:58.403Z] [runtime-status] Ephemeral server survived. {}
[info] >  youtube
[info] >  parsedData: { lyricPath:
[info] >     'https://genius.com/Walt-disney-records-the-bare-necessities-lyrics',
[info] >    coverArt:
[info] >     'https://images.genius.com/e045ea5784e044a18937dabe5665be3d.1000x1000x1.png',
[info] >    youtubePath: 'http://www.youtube.com/watch?v=9ogQ0uge06o',
[info] >    youtubeId: '9ogQ0uge06o' }
[info] >  { lyricPath:
[info] >     'https://genius.com/Walt-disney-records-the-bare-necessities-lyrics',
[info] >    coverArt:
[info] >     'https://images.genius.com/e045ea5784e044a18937dabe5665be3d.1000x1000x1.png',
[info] >    youtubePath: 'http://www.youtube.com/watch?v=9ogQ0uge06o',
[info] >    youtubeId: '9ogQ0uge06o',
[info] >    lyrics:
[info] >     [ '[Hook 1]',
[info] >       'Look for the bare necessities',
[info] >       'The simple bare necessities',
[info] >       'Forget about your worries and your strife',
[info] >       'I mean the bare necessities',
[info] >       "Old Mother Nature's recipes",
[info] >       'That brings the bare necessities of life',
[info] >       '[Verse 1]',
[info] >       'Wherever I wander, wherever I roam',
[info] >       "I couldn't be fonder of my big home",
[info] >       "The bees are buzzin' in the tree",
[info] >       'To make some honey just for me',
[info] >       'When you look under the rocks and plants',
[info] >       'And take a glance at the fancy ants',
[info] >       'Then maybe try a few',
[info] >       '[Interlude 1]',
[info] >       '(You eat ants!?)',
[info] >       'Haha, you better believe it',
[info] >       "You're going to love the way they tickle",
[info] >       '(Mowgli, watch out!)',
[info] >       '[Bridge]',
[info] >       'The bare necessities of life will come to you',
[info] >       "They'll come to you!",
[info] >       '[Hook 2]',
[info] >       'Look for the bare necessities',
[info] >       'The simple bare necessities',
[info] >       'Forget about your worries and your strife',
[info] >       'I mean the bare necessities',
[info] >       "That's why a bear can rest at ease",
[info] >       'With just the bare necessities of life',
[info] >       '[Verse 2]',
[info] >       'Now when you pick a pawpaw',
[info] >       'Or a prickly pear',
[info] >       'And you prick a raw paw',
[info] >       'Next time beware',
[info] >       "Don't pick the prickly pear by the paw",
[info] >       'When you pick a pear',
[info] >       'Try to use the claw',
[info] >       "But you don't need to use the claw",
[info] >       'When you pick a pear of the big pawpaw',
[info] >       '[Interlude 2]',
[info] >       'Have I given you a clue?',
[info] >       '(Golly, thanks Baloo!)',
[info] >       '(Pawpaw, hah! Of all the silly gibberish)',
[info] >       "C'mon Baggy, get with the beat!",
[info] >       '[Bridge]',
[info] >       'The bare necessities of life will come to you',
[info] >       "They'll come to you!",
[info] >       '[Verse 3]',
[info] >       'So just try and relax, yeah cool it',
[info] >       'Fall apart in my backyard',
[info] >       'Cause let me tell you something little britches',
[info] >       'If you act like that bee acts, uh uh',
[info] >       "You're working too hard",
[info] >       '[Verse 4]',
[info] >       "And don't spend your time lookin' around",
[info] >       "For something you want that can't be found",
[info] >       'When you find out you can live without it',
[info] >       "And go along not thinkin' about it",
[info] >       "I'll tell you something true",
[info] >       '[Bridge]',
[info] >       'The bare necessities of life will come to you',
[info] >       "They'll come to you!" ],
[info] >    words:
[info] >     [ { word: '[Hook', line: 0 },
[info] >       { word: '1]', line: 0 },
[info] >       { word: 'Look', line: 1 },
[info] >       { word: 'for', line: 1 },
[info] >       { word: 'the', line: 1 },
[info] >       { word: 'bare', line: 1 },
[info] >       { word: 'necessities', line: 1 },
[info] >       { word: 'The', line: 2 },
[info] >       { word: 'simple', line: 2 },
[info] >       { word: 'bare', line: 2 },
[info] >       { word: 'necessities', line: 2 },
[info] >       { word: 'Forget', line: 3 },
[info] >       { word: 'about', line: 3 },
[info] >       { word: 'your', line: 3 },
[info] >       { word: 'worries', line: 3 },
[info] >       { word: 'and', line: 3 },
[info] >       { word: 'your', line: 3 },
[info] >       { word: 'strife', line: 3 },
[info] >       { word: 'I', line: 4 },
[info] >       { word: 'mean', line: 4 },
[info] >       { word: 'the', line: 4 },
[info] >       { word: 'bare', line: 4 },
[info] >       { word: 'necessities', line: 4 },
[info] >       { word: 'Old', line: 5 },
[info] >       { word: 'Mother', line: 5 },
[info] >       { word: "Nature's", line: 5 },
[info] >       { word: 'recipes', line: 5 },
[info] >       { word: 'That', line: 6 },
[info] >       { word: 'brings', line: 6 },
[info] >       { word: 'the', line: 6 },
[info] >       { word: 'bare', line: 6 },
[info] >       { word: 'necessities', line: 6 },
[info] >       { word: 'of', line: 6 },
[info] >       { word: 'life', line: 6 },
[info] >       { word: '[Verse', line: 7 },
[info] >       { word: '1]', line: 7 },
[info] >       { word: 'Wherever', line: 8 },
[info] >       { word: 'I', line: 8 },
[info] >       { word: 'wander,', line: 8 },
[info] >       { word: 'wherever', line: 8 },
[info] >       { word: 'I', line: 8 },
[info] >       { word: 'roam', line: 8 },
[info] >       { word: 'I', line: 9 },
[info] >       { word: "couldn't", line: 9 },
[info] >       { word: 'be', line: 9 },
[info] >       { word: 'fonder', line: 9 },
[info] >       { word: 'of', line: 9 },
[info] >       { word: 'my', line: 9 },
[info] >       { word: 'big', line: 9 },
[info] >       { word: 'home', line: 9 },
[info] >       { word: 'The', line: 10 },
[info] >       { word: 'bees', line: 10 },
[info] >       { word: 'are', line: 10 },
[info] >       { word: "buzzin'", line: 10 },
[info] >       { word: 'in', line: 10 },
[info] >       { word: 'the', line: 10 },
[info] >       { word: 'tree', line: 10 },
[info] >       { word: 'To', line: 11 },
[info] >       { word: 'make', line: 11 },
[info] >       { word: 'some', line: 11 },
[info] >       { word: 'honey', line: 11 },
[info] >       { word: 'just', line: 11 },
[info] >       { word: 'for', line: 11 },
[info] >       { word: 'me', line: 11 },
[info] >       { word: 'When', line: 12 },
[info] >       { word: 'you', line: 12 },
[info] >       { word: 'look', line: 12 },
[info] >       { word: 'under', line: 12 },
[info] >       { word: 'the', line: 12 },
[info] >       { word: 'rocks', line: 12 },
[info] >       { word: 'and', line: 12 },
[info] >       { word: 'plants', line: 12 },
[info] >       { word: 'And', line: 13 },
[info] >       { word: 'take', line: 13 },
[info] >       { word: 'a', line: 13 },
[info] >       { word: 'glance', line: 13 },
[info] >       { word: 'at', line: 13 },
[info] >       { word: 'the', line: 13 },
[info] >       { word: 'fancy', line: 13 },
[info] >       { word: 'ants', line: 13 },
[info] >       { word: 'Then', line: 14 },
[info] >       { word: 'maybe', line: 14 },
[info] >       { word: 'try', line: 14 },
[info] >       { word: 'a', line: 14 },
[info] >       { word: 'few', line: 14 },
[info] >       { word: '[Interlude', line: 15 },
[info] >       { word: '1]', line: 15 },
[info] >       { word: '(You', line: 16 },
[info] >       { word: 'eat', line: 16 },
[info] >       { word: 'ants!?)', line: 16 },
[info] >       { word: 'Haha,', line: 17 },
[info] >       { word: 'you', line: 17 },
[info] >       { word: 'better', line: 17 },
[info] >       { word: 'believe', line: 17 },
[info] >       { word: 'it', line: 17 },
[info] >       { word: "You're", line: 18 },
[info] >       { word: 'going', line: 18 },
[info] >       { word: 'to', line: 18 },
[info] >       { word: 'love', line: 18 },
[info] >       { word: 'the', line: 18 },
[info] >       ... 240 more items ] }
[info] i  functions: Finished "getLyrics" in ~3s
[debug] [2019-11-04T09:23:01.527Z] [worker-getLyrics-4b9fee25-25e2-45e3-b1ae-7ee253e756bb]: IDLE
[debug] [2019-11-04T09:23:49.891Z] Accepted request GET /nst-prototype/us-central1/getLyrics?songId=201838 --> getLyrics
[debug] [2019-11-04T09:23:49.891Z] [worker-getLyrics-4b9fee25-25e2-45e3-b1ae-7ee253e756bb]: BUSY
[debug] [2019-11-04T09:23:49.892Z] [runtime-status] Trigger "getLyrics" has been found, beginning invocation! {}
[info] i  functions: Beginning execution of "getLyrics"
[debug] [2019-11-04T09:23:49.892Z] [runtime-status]  {"httpsTrigger":{},"name":"getLyrics","entryPoint":"getLyrics"}
[debug] [2019-11-04T09:23:49.892Z] [runtime-status] Running getLyrics in mode HTTPS {}
[debug] [2019-11-04T09:23:49.893Z] {"socketPath":"/var/folders/63/jqcbmhf90fxbwxpclhpm0_yc0000gn/T/firebase_emulator_invocation_40660.sock"}
[debug] [2019-11-04T09:23:49.895Z] [functions] Runtime ready! Sending request! {"socketPath":"/var/folders/63/jqcbmhf90fxbwxpclhpm0_yc0000gn/T/firebase_emulator_invocation_40660.sock"}
[debug] [2019-11-04T09:23:49.899Z] [runtime-status] Ephemeral server used! {}
[debug] [2019-11-04T09:23:49.901Z] [runtime-status] Ephemeral server survived. {}
[info] >  youtube
[info] >  parsedData: { lyricPath:
[info] >     'https://genius.com/Walt-disney-records-the-bare-necessities-lyrics',
[info] >    coverArt:
[info] >     'https://images.genius.com/e045ea5784e044a18937dabe5665be3d.1000x1000x1.png',
[info] >    youtubePath: 'http://www.youtube.com/watch?v=9ogQ0uge06o',
[info] >    youtubeId: '9ogQ0uge06o' }
[info] >  { lyricPath:
[info] >     'https://genius.com/Walt-disney-records-the-bare-necessities-lyrics',
[info] >    coverArt:
[info] >     'https://images.genius.com/e045ea5784e044a18937dabe5665be3d.1000x1000x1.png',
[info] >    youtubePath: 'http://www.youtube.com/watch?v=9ogQ0uge06o',
[info] >    youtubeId: '9ogQ0uge06o',
[info] >    lyrics:
[info] >     [ '[Hook 1]',
[info] >       'Look for the bare necessities',
[info] >       'The simple bare necessities',
[info] >       'Forget about your worries and your strife',
[info] >       'I mean the bare necessities',
[info] >       "Old Mother Nature's recipes",
[info] >       'That brings the bare necessities of life',
[info] >       '[Verse 1]',
[info] >       'Wherever I wander, wherever I roam',
[info] >       "I couldn't be fonder of my big home",
[info] >       "The bees are buzzin' in the tree",
[info] >       'To make some honey just for me',
[info] >       'When you look under the rocks and plants',
[info] >       'And take a glance at the fancy ants',
[info] >       'Then maybe try a few',
[info] >       '[Interlude 1]',
[info] >       '(You eat ants!?)',
[info] >       'Haha, you better believe it',
[info] >       "You're going to love the way they tickle",
[info] >       '(Mowgli, watch out!)',
[info] >       '[Bridge]',
[info] >       'The bare necessities of life will come to you',
[info] >       "They'll come to you!",
[info] >       '[Hook 2]',
[info] >       'Look for the bare necessities',
[info] >       'The simple bare necessities',
[info] >       'Forget about your worries and your strife',
[info] >       'I mean the bare necessities',
[info] >       "That's why a bear can rest at ease",
[info] >       'With just the bare necessities of life',
[info] >       '[Verse 2]',
[info] >       'Now when you pick a pawpaw',
[info] >       'Or a prickly pear',
[info] >       'And you prick a raw paw',
[info] >       'Next time beware',
[info] >       "Don't pick the prickly pear by the paw",
[info] >       'When you pick a pear',
[info] >       'Try to use the claw',
[info] >       "But you don't need to use the claw",
[info] >       'When you pick a pear of the big pawpaw',
[info] >       '[Interlude 2]',
[info] >       'Have I given you a clue?',
[info] >       '(Golly, thanks Baloo!)',
[info] >       '(Pawpaw, hah! Of all the silly gibberish)',
[info] >       "C'mon Baggy, get with the beat!",
[info] >       '[Bridge]',
[info] >       'The bare necessities of life will come to you',
[info] >       "They'll come to you!",
[info] >       '[Verse 3]',
[info] >       'So just try and relax, yeah cool it',
[info] >       'Fall apart in my backyard',
[info] >       'Cause let me tell you something little britches',
[info] >       'If you act like that bee acts, uh uh',
[info] >       "You're working too hard",
[info] >       '[Verse 4]',
[info] >       "And don't spend your time lookin' around",
[info] >       "For something you want that can't be found",
[info] >       'When you find out you can live without it',
[info] >       "And go along not thinkin' about it",
[info] >       "I'll tell you something true",
[info] >       '[Bridge]',
[info] >       'The bare necessities of life will come to you',
[info] >       "They'll come to you!" ],
[info] >    words:
[info] >     [ { word: '[Hook', line: 0 },
[info] >       { word: '1]', line: 0 },
[info] >       { word: 'Look', line: 1 },
[info] >       { word: 'for', line: 1 },
[info] >       { word: 'the', line: 1 },
[info] >       { word: 'bare', line: 1 },
[info] >       { word: 'necessities', line: 1 },
[info] >       { word: 'The', line: 2 },
[info] >       { word: 'simple', line: 2 },
[info] >       { word: 'bare', line: 2 },
[info] >       { word: 'necessities', line: 2 },
[info] >       { word: 'Forget', line: 3 },
[info] >       { word: 'about', line: 3 },
[info] >       { word: 'your', line: 3 },
[info] >       { word: 'worries', line: 3 },
[info] >       { word: 'and', line: 3 },
[info] >       { word: 'your', line: 3 },
[info] >       { word: 'strife', line: 3 },
[info] >       { word: 'I', line: 4 },
[info] >       { word: 'mean', line: 4 },
[info] >       { word: 'the', line: 4 },
[info] >       { word: 'bare', line: 4 },
[info] >       { word: 'necessities', line: 4 },
[info] >       { word: 'Old', line: 5 },
[info] >       { word: 'Mother', line: 5 },
[info] >       { word: "Nature's", line: 5 },
[info] >       { word: 'recipes', line: 5 },
[info] >       { word: 'That', line: 6 },
[info] >       { word: 'brings', line: 6 },
[info] >       { word: 'the', line: 6 },
[info] >       { word: 'bare', line: 6 },
[info] >       { word: 'necessities', line: 6 },
[info] >       { word: 'of', line: 6 },
[info] >       { word: 'life', line: 6 },
[info] >       { word: '[Verse', line: 7 },
[info] >       { word: '1]', line: 7 },
[info] >       { word: 'Wherever', line: 8 },
[info] >       { word: 'I', line: 8 },
[info] >       { word: 'wander,', line: 8 },
[info] >       { word: 'wherever', line: 8 },
[info] >       { word: 'I', line: 8 },
[info] >       { word: 'roam', line: 8 },
[info] >       { word: 'I', line: 9 },
[info] >       { word: "couldn't", line: 9 },
[info] >       { word: 'be', line: 9 },
[info] >       { word: 'fonder', line: 9 },
[info] >       { word: 'of', line: 9 },
[info] >       { word: 'my', line: 9 },
[info] >       { word: 'big', line: 9 },
[info] >       { word: 'home', line: 9 },
[info] >       { word: 'The', line: 10 },
[info] >       { word: 'bees', line: 10 },
[info] >       { word: 'are', line: 10 },
[info] >       { word: "buzzin'", line: 10 },
[info] >       { word: 'in', line: 10 },
[info] >       { word: 'the', line: 10 },
[info] >       { word: 'tree', line: 10 },
[info] >       { word: 'To', line: 11 },
[info] >       { word: 'make', line: 11 },
[info] >       { word: 'some', line: 11 },
[info] >       { word: 'honey', line: 11 },
[info] >       { word: 'just', line: 11 },
[info] >       { word: 'for', line: 11 },
[info] >       { word: 'me', line: 11 },
[info] >       { word: 'When', line: 12 },
[info] >       { word: 'you', line: 12 },
[info] >       { word: 'look', line: 12 },
[info] >       { word: 'under', line: 12 },
[info] >       { word: 'the', line: 12 },
[info] >       { word: 'rocks', line: 12 },
[info] >       { word: 'and', line: 12 },
[info] >       { word: 'plants', line: 12 },
[info] >       { word: 'And', line: 13 },
[info] >       { word: 'take', line: 13 },
[info] >       { word: 'a', line: 13 },
[info] >       { word: 'glance', line: 13 },
[info] >       { word: 'at', line: 13 },
[info] >       { word: 'the', line: 13 },
[info] >       { word: 'fancy', line: 13 },
[info] >       { word: 'ants', line: 13 },
[info] >       { word: 'Then', line: 14 },
[info] >       { word: 'maybe', line: 14 },
[info] >       { word: 'try', line: 14 },
[info] >       { word: 'a', line: 14 },
[info] >       { word: 'few', line: 14 },
[info] >       { word: '[Interlude', line: 15 },
[info] >       { word: '1]', line: 15 },
[info] >       { word: '(You', line: 16 },
[info] >       { word: 'eat', line: 16 },
[info] >       { word: 'ants!?)', line: 16 },
[info] >       { word: 'Haha,', line: 17 },
[info] >       { word: 'you', line: 17 },
[info] >       { word: 'better', line: 17 },
[info] >       { word: 'believe', line: 17 },
[info] >       { word: 'it', line: 17 },
[info] >       { word: "You're", line: 18 },
[info] >       { word: 'going', line: 18 },
[info] >       { word: 'to', line: 18 },
[info] >       { word: 'love', line: 18 },
[info] >       { word: 'the', line: 18 },
[info] >       ... 240 more items ] }
[info] i  functions: Finished "getLyrics" in ~1s
[debug] [2019-11-04T09:23:50.947Z] [worker-getLyrics-4b9fee25-25e2-45e3-b1ae-7ee253e756bb]: IDLE
[debug] [2019-11-04T09:24:02.892Z] Accepted request GET /nst-prototype/us-central1/getLyrics?songId=201838 --> getLyrics
[debug] [2019-11-04T09:24:02.892Z] [worker-getLyrics-4b9fee25-25e2-45e3-b1ae-7ee253e756bb]: BUSY
[debug] [2019-11-04T09:24:02.893Z] [runtime-status] Trigger "getLyrics" has been found, beginning invocation! {}
[info] i  functions: Beginning execution of "getLyrics"
[debug] [2019-11-04T09:24:02.893Z] [runtime-status]  {"httpsTrigger":{},"name":"getLyrics","entryPoint":"getLyrics"}
[debug] [2019-11-04T09:24:02.893Z] [runtime-status] Running getLyrics in mode HTTPS {}
[debug] [2019-11-04T09:24:02.894Z] {"socketPath":"/var/folders/63/jqcbmhf90fxbwxpclhpm0_yc0000gn/T/firebase_emulator_invocation_40660.sock"}
[debug] [2019-11-04T09:24:02.896Z] [functions] Runtime ready! Sending request! {"socketPath":"/var/folders/63/jqcbmhf90fxbwxpclhpm0_yc0000gn/T/firebase_emulator_invocation_40660.sock"}
[debug] [2019-11-04T09:24:02.899Z] [runtime-status] Ephemeral server used! {}
[debug] [2019-11-04T09:24:02.902Z] [runtime-status] Ephemeral server survived. {}
[info] >  youtube
[info] >  parsedData: { lyricPath:
[info] >     'https://genius.com/Walt-disney-records-the-bare-necessities-lyrics',
[info] >    coverArt:
[info] >     'https://images.genius.com/e045ea5784e044a18937dabe5665be3d.1000x1000x1.png',
[info] >    youtubePath: 'http://www.youtube.com/watch?v=9ogQ0uge06o',
[info] >    youtubeId: '9ogQ0uge06o' }
[info] >  { lyricPath:
[info] >     'https://genius.com/Walt-disney-records-the-bare-necessities-lyrics',
[info] >    coverArt:
[info] >     'https://images.genius.com/e045ea5784e044a18937dabe5665be3d.1000x1000x1.png',
[info] >    youtubePath: 'http://www.youtube.com/watch?v=9ogQ0uge06o',
[info] >    youtubeId: '9ogQ0uge06o',
[info] >    lyrics:
[info] >     [ '[Hook 1]',
[info] >       'Look for the bare necessities',
[info] >       'The simple bare necessities',
[info] >       'Forget about your worries and your strife',
[info] >       'I mean the bare necessities',
[info] >       "Old Mother Nature's recipes",
[info] >       'That brings the bare necessities of life',
[info] >       '[Verse 1]',
[info] >       'Wherever I wander, wherever I roam',
[info] >       "I couldn't be fonder of my big home",
[info] >       "The bees are buzzin' in the tree",
[info] >       'To make some honey just for me',
[info] >       'When you look under the rocks and plants',
[info] >       'And take a glance at the fancy ants',
[info] >       'Then maybe try a few',
[info] >       '[Interlude 1]',
[info] >       '(You eat ants!?)',
[info] >       'Haha, you better believe it',
[info] >       "You're going to love the way they tickle",
[info] >       '(Mowgli, watch out!)',
[info] >       '[Bridge]',
[info] >       'The bare necessities of life will come to you',
[info] >       "They'll come to you!",
[info] >       '[Hook 2]',
[info] >       'Look for the bare necessities',
[info] >       'The simple bare necessities',
[info] >       'Forget about your worries and your strife',
[info] >       'I mean the bare necessities',
[info] >       "That's why a bear can rest at ease",
[info] >       'With just the bare necessities of life',
[info] >       '[Verse 2]',
[info] >       'Now when you pick a pawpaw',
[info] >       'Or a prickly pear',
[info] >       'And you prick a raw paw',
[info] >       'Next time beware',
[info] >       "Don't pick the prickly pear by the paw",
[info] >       'When you pick a pear',
[info] >       'Try to use the claw',
[info] >       "But you don't need to use the claw",
[info] >       'When you pick a pear of the big pawpaw',
[info] >       '[Interlude 2]',
[info] >       'Have I given you a clue?',
[info] >       '(Golly, thanks Baloo!)',
[info] >       '(Pawpaw, hah! Of all the silly gibberish)',
[info] >       "C'mon Baggy, get with the beat!",
[info] >       '[Bridge]',
[info] >       'The bare necessities of life will come to you',
[info] >       "They'll come to you!",
[info] >       '[Verse 3]',
[info] >       'So just try and relax, yeah cool it',
[info] >       'Fall apart in my backyard',
[info] >       'Cause let me tell you something little britches',
[info] >       'If you act like that bee acts, uh uh',
[info] >       "You're working too hard",
[info] >       '[Verse 4]',
[info] >       "And don't spend your time lookin' around",
[info] >       "For something you want that can't be found",
[info] >       'When you find out you can live without it',
[info] >       "And go along not thinkin' about it",
[info] >       "I'll tell you something true",
[info] >       '[Bridge]',
[info] >       'The bare necessities of life will come to you',
[info] >       "They'll come to you!" ],
[info] >    words:
[info] >     [ { word: '[Hook', line: 0 },
[info] >       { word: '1]', line: 0 },
[info] >       { word: 'Look', line: 1 },
[info] >       { word: 'for', line: 1 },
[info] >       { word: 'the', line: 1 },
[info] >       { word: 'bare', line: 1 },
[info] >       { word: 'necessities', line: 1 },
[info] >       { word: 'The', line: 2 },
[info] >       { word: 'simple', line: 2 },
[info] >       { word: 'bare', line: 2 },
[info] >       { word: 'necessities', line: 2 },
[info] >       { word: 'Forget', line: 3 },
[info] >       { word: 'about', line: 3 },
[info] >       { word: 'your', line: 3 },
[info] >       { word: 'worries', line: 3 },
[info] >       { word: 'and', line: 3 },
[info] >       { word: 'your', line: 3 },
[info] >       { word: 'strife', line: 3 },
[info] >       { word: 'I', line: 4 },
[info] >       { word: 'mean', line: 4 },
[info] >       { word: 'the', line: 4 },
[info] >       { word: 'bare', line: 4 },
[info] >       { word: 'necessities', line: 4 },
[info] >       { word: 'Old', line: 5 },
[info] >       { word: 'Mother', line: 5 },
[info] >       { word: "Nature's", line: 5 },
[info] >       { word: 'recipes', line: 5 },
[info] >       { word: 'That', line: 6 },
[info] >       { word: 'brings', line: 6 },
[info] >       { word: 'the', line: 6 },
[info] >       { word: 'bare', line: 6 },
[info] >       { word: 'necessities', line: 6 },
[info] >       { word: 'of', line: 6 },
[info] >       { word: 'life', line: 6 },
[info] >       { word: '[Verse', line: 7 },
[info] >       { word: '1]', line: 7 },
[info] >       { word: 'Wherever', line: 8 },
[info] >       { word: 'I', line: 8 },
[info] >       { word: 'wander,', line: 8 },
[info] >       { word: 'wherever', line: 8 },
[info] >       { word: 'I', line: 8 },
[info] >       { word: 'roam', line: 8 },
[info] >       { word: 'I', line: 9 },
[info] >       { word: "couldn't", line: 9 },
[info] >       { word: 'be', line: 9 },
[info] >       { word: 'fonder', line: 9 },
[info] >       { word: 'of', line: 9 },
[info] >       { word: 'my', line: 9 },
[info] >       { word: 'big', line: 9 },
[info] >       { word: 'home', line: 9 },
[info] >       { word: 'The', line: 10 },
[info] >       { word: 'bees', line: 10 },
[info] >       { word: 'are', line: 10 },
[info] >       { word: "buzzin'", line: 10 },
[info] >       { word: 'in', line: 10 },
[info] >       { word: 'the', line: 10 },
[info] >       { word: 'tree', line: 10 },
[info] >       { word: 'To', line: 11 },
[info] >       { word: 'make', line: 11 },
[info] >       { word: 'some', line: 11 },
[info] >       { word: 'honey', line: 11 },
[info] >       { word: 'just', line: 11 },
[info] >       { word: 'for', line: 11 },
[info] >       { word: 'me', line: 11 },
[info] >       { word: 'When', line: 12 },
[info] >       { word: 'you', line: 12 },
[info] >       { word: 'look', line: 12 },
[info] >       { word: 'under', line: 12 },
[info] >       { word: 'the', line: 12 },
[info] >       { word: 'rocks', line: 12 },
[info] >       { word: 'and', line: 12 },
[info] >       { word: 'plants', line: 12 },
[info] >       { word: 'And', line: 13 },
[info] >       { word: 'take', line: 13 },
[info] >       { word: 'a', line: 13 },
[info] >       { word: 'glance', line: 13 },
[info] >       { word: 'at', line: 13 },
[info] >       { word: 'the', line: 13 },
[info] >       { word: 'fancy', line: 13 },
[info] >       { word: 'ants', line: 13 },
[info] >       { word: 'Then', line: 14 },
[info] >       { word: 'maybe', line: 14 },
[info] >       { word: 'try', line: 14 },
[info] >       { word: 'a', line: 14 },
[info] >       { word: 'few', line: 14 },
[info] >       { word: '[Interlude', line: 15 },
[info] >       { word: '1]', line: 15 },
[info] >       { word: '(You', line: 16 },
[info] >       { word: 'eat', line: 16 },
[info] >       { word: 'ants!?)', line: 16 },
[info] >       { word: 'Haha,', line: 17 },
[info] >       { word: 'you', line: 17 },
[info] >       { word: 'better', line: 17 },
[info] >       { word: 'believe', line: 17 },
[info] >       { word: 'it', line: 17 },
[info] >       { word: "You're", line: 18 },
[info] >       { word: 'going', line: 18 },
[info] >       { word: 'to', line: 18 },
[info] >       { word: 'love', line: 18 },
[info] >       { word: 'the', line: 18 },
[info] >       ... 240 more items ] }
[info] i  functions: Finished "getLyrics" in ~1s
[debug] [2019-11-04T09:24:03.326Z] [worker-getLyrics-4b9fee25-25e2-45e3-b1ae-7ee253e756bb]: IDLE
[debug] [2019-11-04T09:24:14.300Z] Accepted request GET /nst-prototype/us-central1/getLyrics?songId=201838 --> getLyrics
[debug] [2019-11-04T09:24:14.300Z] [worker-getLyrics-4b9fee25-25e2-45e3-b1ae-7ee253e756bb]: BUSY
[debug] [2019-11-04T09:24:14.303Z] [runtime-status] Trigger "getLyrics" has been found, beginning invocation! {}
[info] i  functions: Beginning execution of "getLyrics"
[debug] [2019-11-04T09:24:14.303Z] [runtime-status]  {"httpsTrigger":{},"name":"getLyrics","entryPoint":"getLyrics"}
[debug] [2019-11-04T09:24:14.304Z] [runtime-status] Running getLyrics in mode HTTPS {}
[debug] [2019-11-04T09:24:14.304Z] {"socketPath":"/var/folders/63/jqcbmhf90fxbwxpclhpm0_yc0000gn/T/firebase_emulator_invocation_40660.sock"}
[debug] [2019-11-04T09:24:14.306Z] [functions] Runtime ready! Sending request! {"socketPath":"/var/folders/63/jqcbmhf90fxbwxpclhpm0_yc0000gn/T/firebase_emulator_invocation_40660.sock"}
[debug] [2019-11-04T09:24:14.313Z] [runtime-status] Ephemeral server used! {}
[debug] [2019-11-04T09:24:14.315Z] [runtime-status] Ephemeral server survived. {}
[info] >  youtube
[info] >  parsedData: { lyricPath:
[info] >     'https://genius.com/Walt-disney-records-the-bare-necessities-lyrics',
[info] >    coverArt:
[info] >     'https://images.genius.com/e045ea5784e044a18937dabe5665be3d.1000x1000x1.png',
[info] >    youtubePath: 'http://www.youtube.com/watch?v=9ogQ0uge06o',
[info] >    youtubeId: '9ogQ0uge06o' }
[info] >  { lyricPath:
[info] >     'https://genius.com/Walt-disney-records-the-bare-necessities-lyrics',
[info] >    coverArt:
[info] >     'https://images.genius.com/e045ea5784e044a18937dabe5665be3d.1000x1000x1.png',
[info] >    youtubePath: 'http://www.youtube.com/watch?v=9ogQ0uge06o',
[info] >    youtubeId: '9ogQ0uge06o',
[info] >    lyrics:
[info] >     [ '[Hook 1]',
[info] >       'Look for the bare necessities',
[info] >       'The simple bare necessities',
[info] >       'Forget about your worries and your strife',
[info] >       'I mean the bare necessities',
[info] >       "Old Mother Nature's recipes",
[info] >       'That brings the bare necessities of life',
[info] >       '[Verse 1]',
[info] >       'Wherever I wander, wherever I roam',
[info] >       "I couldn't be fonder of my big home",
[info] >       "The bees are buzzin' in the tree",
[info] >       'To make some honey just for me',
[info] >       'When you look under the rocks and plants',
[info] >       'And take a glance at the fancy ants',
[info] >       'Then maybe try a few',
[info] >       '[Interlude 1]',
[info] >       '(You eat ants!?)',
[info] >       'Haha, you better believe it',
[info] >       "You're going to love the way they tickle",
[info] >       '(Mowgli, watch out!)',
[info] >       '[Bridge]',
[info] >       'The bare necessities of life will come to you',
[info] >       "They'll come to you!",
[info] >       '[Hook 2]',
[info] >       'Look for the bare necessities',
[info] >       'The simple bare necessities',
[info] >       'Forget about your worries and your strife',
[info] >       'I mean the bare necessities',
[info] >       "That's why a bear can rest at ease",
[info] >       'With just the bare necessities of life',
[info] >       '[Verse 2]',
[info] >       'Now when you pick a pawpaw',
[info] >       'Or a prickly pear',
[info] >       'And you prick a raw paw',
[info] >       'Next time beware',
[info] >       "Don't pick the prickly pear by the paw",
[info] >       'When you pick a pear',
[info] >       'Try to use the claw',
[info] >       "But you don't need to use the claw",
[info] >       'When you pick a pear of the big pawpaw',
[info] >       '[Interlude 2]',
[info] >       'Have I given you a clue?',
[info] >       '(Golly, thanks Baloo!)',
[info] >       '(Pawpaw, hah! Of all the silly gibberish)',
[info] >       "C'mon Baggy, get with the beat!",
[info] >       '[Bridge]',
[info] >       'The bare necessities of life will come to you',
[info] >       "They'll come to you!",
[info] >       '[Verse 3]',
[info] >       'So just try and relax, yeah cool it',
[info] >       'Fall apart in my backyard',
[info] >       'Cause let me tell you something little britches',
[info] >       'If you act like that bee acts, uh uh',
[info] >       "You're working too hard",
[info] >       '[Verse 4]',
[info] >       "And don't spend your time lookin' around",
[info] >       "For something you want that can't be found",
[info] >       'When you find out you can live without it',
[info] >       "And go along not thinkin' about it",
[info] >       "I'll tell you something true",
[info] >       '[Bridge]',
[info] >       'The bare necessities of life will come to you',
[info] >       "They'll come to you!" ],
[info] >    words:
[info] >     [ { word: '[Hook', line: 0 },
[info] >       { word: '1]', line: 0 },
[info] >       { word: 'Look', line: 1 },
[info] >       { word: 'for', line: 1 },
[info] >       { word: 'the', line: 1 },
[info] >       { word: 'bare', line: 1 },
[info] >       { word: 'necessities', line: 1 },
[info] >       { word: 'The', line: 2 },
[info] >       { word: 'simple', line: 2 },
[info] >       { word: 'bare', line: 2 },
[info] >       { word: 'necessities', line: 2 },
[info] >       { word: 'Forget', line: 3 },
[info] >       { word: 'about', line: 3 },
[info] >       { word: 'your', line: 3 },
[info] >       { word: 'worries', line: 3 },
[info] >       { word: 'and', line: 3 },
[info] >       { word: 'your', line: 3 },
[info] >       { word: 'strife', line: 3 },
[info] >       { word: 'I', line: 4 },
[info] >       { word: 'mean', line: 4 },
[info] >       { word: 'the', line: 4 },
[info] >       { word: 'bare', line: 4 },
[info] >       { word: 'necessities', line: 4 },
[info] >       { word: 'Old', line: 5 },
[info] >       { word: 'Mother', line: 5 },
[info] >       { word: "Nature's", line: 5 },
[info] >       { word: 'recipes', line: 5 },
[info] >       { word: 'That', line: 6 },
[info] >       { word: 'brings', line: 6 },
[info] >       { word: 'the', line: 6 },
[info] >       { word: 'bare', line: 6 },
[info] >       { word: 'necessities', line: 6 },
[info] >       { word: 'of', line: 6 },
[info] >       { word: 'life', line: 6 },
[info] >       { word: '[Verse', line: 7 },
[info] >       { word: '1]', line: 7 },
[info] >       { word: 'Wherever', line: 8 },
[info] >       { word: 'I', line: 8 },
[info] >       { word: 'wander,', line: 8 },
[info] >       { word: 'wherever', line: 8 },
[info] >       { word: 'I', line: 8 },
[info] >       { word: 'roam', line: 8 },
[info] >       { word: 'I', line: 9 },
[info] >       { word: "couldn't", line: 9 },
[info] >       { word: 'be', line: 9 },
[info] >       { word: 'fonder', line: 9 },
[info] >       { word: 'of', line: 9 },
[info] >       { word: 'my', line: 9 },
[info] >       { word: 'big', line: 9 },
[info] >       { word: 'home', line: 9 },
[info] >       { word: 'The', line: 10 },
[info] >       { word: 'bees', line: 10 },
[info] >       { word: 'are', line: 10 },
[info] >       { word: "buzzin'", line: 10 },
[info] >       { word: 'in', line: 10 },
[info] >       { word: 'the', line: 10 },
[info] >       { word: 'tree', line: 10 },
[info] >       { word: 'To', line: 11 },
[info] >       { word: 'make', line: 11 },
[info] >       { word: 'some', line: 11 },
[info] >       { word: 'honey', line: 11 },
[info] >       { word: 'just', line: 11 },
[info] >       { word: 'for', line: 11 },
[info] >       { word: 'me', line: 11 },
[info] >       { word: 'When', line: 12 },
[info] >       { word: 'you', line: 12 },
[info] >       { word: 'look', line: 12 },
[info] >       { word: 'under', line: 12 },
[info] >       { word: 'the', line: 12 },
[info] >       { word: 'rocks', line: 12 },
[info] >       { word: 'and', line: 12 },
[info] >       { word: 'plants', line: 12 },
[info] >       { word: 'And', line: 13 },
[info] >       { word: 'take', line: 13 },
[info] >       { word: 'a', line: 13 },
[info] >       { word: 'glance', line: 13 },
[info] >       { word: 'at', line: 13 },
[info] >       { word: 'the', line: 13 },
[info] >       { word: 'fancy', line: 13 },
[info] >       { word: 'ants', line: 13 },
[info] >       { word: 'Then', line: 14 },
[info] >       { word: 'maybe', line: 14 },
[info] >       { word: 'try', line: 14 },
[info] >       { word: 'a', line: 14 },
[info] >       { word: 'few', line: 14 },
[info] >       { word: '[Interlude', line: 15 },
[info] >       { word: '1]', line: 15 },
[info] >       { word: '(You', line: 16 },
[info] >       { word: 'eat', line: 16 },
[info] >       { word: 'ants!?)', line: 16 },
[info] >       { word: 'Haha,', line: 17 },
[info] >       { word: 'you', line: 17 },
[info] >       { word: 'better', line: 17 },
[info] >       { word: 'believe', line: 17 },
[info] >       { word: 'it', line: 17 },
[info] >       { word: "You're", line: 18 },
[info] >       { word: 'going', line: 18 },
[info] >       { word: 'to', line: 18 },
[info] >       { word: 'love', line: 18 },
[info] >       { word: 'the', line: 18 },
[info] >       ... 240 more items ] }
[info] i  functions: Finished "getLyrics" in ~1s
[debug] [2019-11-04T09:24:14.740Z] [worker-getLyrics-4b9fee25-25e2-45e3-b1ae-7ee253e756bb]: IDLE
[debug] [2019-11-04T09:24:50.005Z] Accepted request GET /nst-prototype/us-central1/getLyrics?songId=201838 --> getLyrics
[debug] [2019-11-04T09:24:50.005Z] [worker-getLyrics-4b9fee25-25e2-45e3-b1ae-7ee253e756bb]: BUSY
[debug] [2019-11-04T09:24:50.008Z] [runtime-status] Trigger "getLyrics" has been found, beginning invocation! {}
[info] i  functions: Beginning execution of "getLyrics"
[debug] [2019-11-04T09:24:50.009Z] [runtime-status]  {"httpsTrigger":{},"name":"getLyrics","entryPoint":"getLyrics"}
[debug] [2019-11-04T09:24:50.009Z] [runtime-status] Running getLyrics in mode HTTPS {}
[debug] [2019-11-04T09:24:50.017Z] {"socketPath":"/var/folders/63/jqcbmhf90fxbwxpclhpm0_yc0000gn/T/firebase_emulator_invocation_40660.sock"}
[debug] [2019-11-04T09:24:50.023Z] [functions] Runtime ready! Sending request! {"socketPath":"/var/folders/63/jqcbmhf90fxbwxpclhpm0_yc0000gn/T/firebase_emulator_invocation_40660.sock"}
[debug] [2019-11-04T09:24:50.035Z] [runtime-status] Ephemeral server used! {}
[debug] [2019-11-04T09:24:50.036Z] [runtime-status] Ephemeral server survived. {}
[info] >  youtube
[info] >  parsedData: { lyricPath:
[info] >     'https://genius.com/Walt-disney-records-the-bare-necessities-lyrics',
[info] >    coverArt:
[info] >     'https://images.genius.com/e045ea5784e044a18937dabe5665be3d.1000x1000x1.png',
[info] >    youtubePath: 'http://www.youtube.com/watch?v=9ogQ0uge06o',
[info] >    youtubeId: '9ogQ0uge06o' }
[info] >  { lyricPath:
[info] >     'https://genius.com/Walt-disney-records-the-bare-necessities-lyrics',
[info] >    coverArt:
[info] >     'https://images.genius.com/e045ea5784e044a18937dabe5665be3d.1000x1000x1.png',
[info] >    youtubePath: 'http://www.youtube.com/watch?v=9ogQ0uge06o',
[info] >    youtubeId: '9ogQ0uge06o',
[info] >    lyrics:
[info] >     [ '[Hook 1]',
[info] >       'Look for the bare necessities',
[info] >       'The simple bare necessities',
[info] >       'Forget about your worries and your strife',
[info] >       'I mean the bare necessities',
[info] >       "Old Mother Nature's recipes",
[info] >       'That brings the bare necessities of life',
[info] >       '[Verse 1]',
[info] >       'Wherever I wander, wherever I roam',
[info] >       "I couldn't be fonder of my big home",
[info] >       "The bees are buzzin' in the tree",
[info] >       'To make some honey just for me',
[info] >       'When you look under the rocks and plants',
[info] >       'And take a glance at the fancy ants',
[info] >       'Then maybe try a few',
[info] >       '[Interlude 1]',
[info] >       '(You eat ants!?)',
[info] >       'Haha, you better believe it',
[info] >       "You're going to love the way they tickle",
[info] >       '(Mowgli, watch out!)',
[info] >       '[Bridge]',
[info] >       'The bare necessities of life will come to you',
[info] >       "They'll come to you!",
[info] >       '[Hook 2]',
[info] >       'Look for the bare necessities',
[info] >       'The simple bare necessities',
[info] >       'Forget about your worries and your strife',
[info] >       'I mean the bare necessities',
[info] >       "That's why a bear can rest at ease",
[info] >       'With just the bare necessities of life',
[info] >       '[Verse 2]',
[info] >       'Now when you pick a pawpaw',
[info] >       'Or a prickly pear',
[info] >       'And you prick a raw paw',
[info] >       'Next time beware',
[info] >       "Don't pick the prickly pear by the paw",
[info] >       'When you pick a pear',
[info] >       'Try to use the claw',
[info] >       "But you don't need to use the claw",
[info] >       'When you pick a pear of the big pawpaw',
[info] >       '[Interlude 2]',
[info] >       'Have I given you a clue?',
[info] >       '(Golly, thanks Baloo!)',
[info] >       '(Pawpaw, hah! Of all the silly gibberish)',
[info] >       "C'mon Baggy, get with the beat!",
[info] >       '[Bridge]',
[info] >       'The bare necessities of life will come to you',
[info] >       "They'll come to you!",
[info] >       '[Verse 3]',
[info] >       'So just try and relax, yeah cool it',
[info] >       'Fall apart in my backyard',
[info] >       'Cause let me tell you something little britches',
[info] >       'If you act like that bee acts, uh uh',
[info] >       "You're working too hard",
[info] >       '[Verse 4]',
[info] >       "And don't spend your time lookin' around",
[info] >       "For something you want that can't be found",
[info] >       'When you find out you can live without it',
[info] >       "And go along not thinkin' about it",
[info] >       "I'll tell you something true",
[info] >       '[Bridge]',
[info] >       'The bare necessities of life will come to you',
[info] >       "They'll come to you!" ],
[info] >    words:
[info] >     [ { word: '[Hook', line: 0 },
[info] >       { word: '1]', line: 0 },
[info] >       { word: 'Look', line: 1 },
[info] >       { word: 'for', line: 1 },
[info] >       { word: 'the', line: 1 },
[info] >       { word: 'bare', line: 1 },
[info] >       { word: 'necessities', line: 1 },
[info] >       { word: 'The', line: 2 },
[info] >       { word: 'simple', line: 2 },
[info] >       { word: 'bare', line: 2 },
[info] >       { word: 'necessities', line: 2 },
[info] >       { word: 'Forget', line: 3 },
[info] >       { word: 'about', line: 3 },
[info] >       { word: 'your', line: 3 },
[info] >       { word: 'worries', line: 3 },
[info] >       { word: 'and', line: 3 },
[info] >       { word: 'your', line: 3 },
[info] >       { word: 'strife', line: 3 },
[info] >       { word: 'I', line: 4 },
[info] >       { word: 'mean', line: 4 },
[info] >       { word: 'the', line: 4 },
[info] >       { word: 'bare', line: 4 },
[info] >       { word: 'necessities', line: 4 },
[info] >       { word: 'Old', line: 5 },
[info] >       { word: 'Mother', line: 5 },
[info] >       { word: "Nature's", line: 5 },
[info] >       { word: 'recipes', line: 5 },
[info] >       { word: 'That', line: 6 },
[info] >       { word: 'brings', line: 6 },
[info] >       { word: 'the', line: 6 },
[info] >       { word: 'bare', line: 6 },
[info] >       { word: 'necessities', line: 6 },
[info] >       { word: 'of', line: 6 },
[info] >       { word: 'life', line: 6 },
[info] >       { word: '[Verse', line: 7 },
[info] >       { word: '1]', line: 7 },
[info] >       { word: 'Wherever', line: 8 },
[info] >       { word: 'I', line: 8 },
[info] >       { word: 'wander,', line: 8 },
[info] >       { word: 'wherever', line: 8 },
[info] >       { word: 'I', line: 8 },
[info] >       { word: 'roam', line: 8 },
[info] >       { word: 'I', line: 9 },
[info] >       { word: "couldn't", line: 9 },
[info] >       { word: 'be', line: 9 },
[info] >       { word: 'fonder', line: 9 },
[info] >       { word: 'of', line: 9 },
[info] >       { word: 'my', line: 9 },
[info] >       { word: 'big', line: 9 },
[info] >       { word: 'home', line: 9 },
[info] >       { word: 'The', line: 10 },
[info] >       { word: 'bees', line: 10 },
[info] >       { word: 'are', line: 10 },
[info] >       { word: "buzzin'", line: 10 },
[info] >       { word: 'in', line: 10 },
[info] >       { word: 'the', line: 10 },
[info] >       { word: 'tree', line: 10 },
[info] >       { word: 'To', line: 11 },
[info] >       { word: 'make', line: 11 },
[info] >       { word: 'some', line: 11 },
[info] >       { word: 'honey', line: 11 },
[info] >       { word: 'just', line: 11 },
[info] >       { word: 'for', line: 11 },
[info] >       { word: 'me', line: 11 },
[info] >       { word: 'When', line: 12 },
[info] >       { word: 'you', line: 12 },
[info] >       { word: 'look', line: 12 },
[info] >       { word: 'under', line: 12 },
[info] >       { word: 'the', line: 12 },
[info] >       { word: 'rocks', line: 12 },
[info] >       { word: 'and', line: 12 },
[info] >       { word: 'plants', line: 12 },
[info] >       { word: 'And', line: 13 },
[info] >       { word: 'take', line: 13 },
[info] >       { word: 'a', line: 13 },
[info] >       { word: 'glance', line: 13 },
[info] >       { word: 'at', line: 13 },
[info] >       { word: 'the', line: 13 },
[info] >       { word: 'fancy', line: 13 },
[info] >       { word: 'ants', line: 13 },
[info] >       { word: 'Then', line: 14 },
[info] >       { word: 'maybe', line: 14 },
[info] >       { word: 'try', line: 14 },
[info] >       { word: 'a', line: 14 },
[info] >       { word: 'few', line: 14 },
[info] >       { word: '[Interlude', line: 15 },
[info] >       { word: '1]', line: 15 },
[info] >       { word: '(You', line: 16 },
[info] >       { word: 'eat', line: 16 },
[info] >       { word: 'ants!?)', line: 16 },
[info] >       { word: 'Haha,', line: 17 },
[info] >       { word: 'you', line: 17 },
[info] >       { word: 'better', line: 17 },
[info] >       { word: 'believe', line: 17 },
[info] >       { word: 'it', line: 17 },
[info] >       { word: "You're", line: 18 },
[info] >       { word: 'going', line: 18 },
[info] >       { word: 'to', line: 18 },
[info] >       { word: 'love', line: 18 },
[info] >       { word: 'the', line: 18 },
[info] >       ... 240 more items ] }
[info] i  functions: Finished "getLyrics" in ~1s
[debug] [2019-11-04T09:24:50.908Z] [worker-getLyrics-4b9fee25-25e2-45e3-b1ae-7ee253e756bb]: IDLE
[debug] [2019-11-04T09:25:26.244Z] Accepted request GET /nst-prototype/us-central1/searchTracks?searchTerm=bare%20necessities --> searchTracks
[debug] [2019-11-04T09:25:26.248Z] [worker-searchTracks-2b5c4052-ba58-4fb7-8f46-808700d567ad]: BUSY
[debug] [2019-11-04T09:25:26.711Z] [runtime-status] Functions runtime initialized. {"cwd":"/Users/cedjud/Sites/tests/diy-karaoke/functions","node_version":"11.10.1"}
[debug] [2019-11-04T09:25:26.713Z] [runtime-status] Disabled runtime features: {"functions_config_helper":true,"network_filtering":true,"timeout":true,"memory_limiting":true,"admin_stubs":true} {}
[debug] [2019-11-04T09:25:26.716Z] [runtime-status] Resolved module firebase-admin {"declared":true,"installed":true,"version":"8.7.0","resolution":"/Users/cedjud/Sites/tests/diy-karaoke/functions/node_modules/firebase-admin/lib/index.js"}
[debug] [2019-11-04T09:25:26.717Z] [runtime-status] Resolved module firebase-functions {"declared":true,"installed":true,"version":"3.3.0","resolution":"/Users/cedjud/Sites/tests/diy-karaoke/functions/node_modules/firebase-functions/lib/index.js"}
[debug] [2019-11-04T09:25:26.718Z] [runtime-status] Resolved module firebase-functions {"declared":true,"installed":true,"version":"3.3.0","resolution":"/Users/cedjud/Sites/tests/diy-karaoke/functions/node_modules/firebase-functions/lib/index.js"}
[debug] [2019-11-04T09:25:27.024Z] [runtime-status] Trigger "searchTracks" has been found, beginning invocation! {}
[info] i  functions: Beginning execution of "searchTracks"
[debug] [2019-11-04T09:25:27.025Z] [runtime-status]  {"httpsTrigger":{},"name":"searchTracks","entryPoint":"searchTracks"}
[debug] [2019-11-04T09:25:27.025Z] [runtime-status] Running searchTracks in mode HTTPS {}
[debug] [2019-11-04T09:25:27.033Z] {"socketPath":"/var/folders/63/jqcbmhf90fxbwxpclhpm0_yc0000gn/T/firebase_emulator_invocation_40704.sock"}
[debug] [2019-11-04T09:25:27.034Z] [functions] Runtime ready! Sending request! {"socketPath":"/var/folders/63/jqcbmhf90fxbwxpclhpm0_yc0000gn/T/firebase_emulator_invocation_40704.sock"}
[debug] [2019-11-04T09:25:27.041Z] [runtime-status] Ephemeral server used! {}
[debug] [2019-11-04T09:25:27.064Z] [runtime-status] Ephemeral server survived. {}
[info] i  functions: Finished "searchTracks" in ~1s
[debug] [2019-11-04T09:25:27.901Z] [worker-searchTracks-2b5c4052-ba58-4fb7-8f46-808700d567ad]: IDLE
[debug] [2019-11-04T09:25:29.644Z] Accepted request GET /nst-prototype/us-central1/getLyrics?songId=201838 --> getLyrics
[debug] [2019-11-04T09:25:29.645Z] [worker-getLyrics-4b9fee25-25e2-45e3-b1ae-7ee253e756bb]: BUSY
[debug] [2019-11-04T09:25:29.645Z] [runtime-status] Trigger "getLyrics" has been found, beginning invocation! {}
[info] i  functions: Beginning execution of "getLyrics"
[debug] [2019-11-04T09:25:29.646Z] [runtime-status]  {"httpsTrigger":{},"name":"getLyrics","entryPoint":"getLyrics"}
[debug] [2019-11-04T09:25:29.646Z] [runtime-status] Running getLyrics in mode HTTPS {}
[debug] [2019-11-04T09:25:29.646Z] {"socketPath":"/var/folders/63/jqcbmhf90fxbwxpclhpm0_yc0000gn/T/firebase_emulator_invocation_40660.sock"}
[debug] [2019-11-04T09:25:29.647Z] [functions] Runtime ready! Sending request! {"socketPath":"/var/folders/63/jqcbmhf90fxbwxpclhpm0_yc0000gn/T/firebase_emulator_invocation_40660.sock"}
[debug] [2019-11-04T09:25:29.650Z] [runtime-status] Ephemeral server used! {}
[debug] [2019-11-04T09:25:29.653Z] [runtime-status] Ephemeral server survived. {}
[info] >  youtube
[info] >  parsedData: { lyricPath:
[info] >     'https://genius.com/Walt-disney-records-the-bare-necessities-lyrics',
[info] >    coverArt:
[info] >     'https://images.genius.com/e045ea5784e044a18937dabe5665be3d.1000x1000x1.png',
[info] >    youtubePath: 'http://www.youtube.com/watch?v=9ogQ0uge06o',
[info] >    youtubeId: '9ogQ0uge06o' }
[info] >  { lyricPath:
[info] >     'https://genius.com/Walt-disney-records-the-bare-necessities-lyrics',
[info] >    coverArt:
[info] >     'https://images.genius.com/e045ea5784e044a18937dabe5665be3d.1000x1000x1.png',
[info] >    youtubePath: 'http://www.youtube.com/watch?v=9ogQ0uge06o',
[info] >    youtubeId: '9ogQ0uge06o',
[info] >    lyrics:
[info] >     [ '[Hook 1]',
[info] >       'Look for the bare necessities',
[info] >       'The simple bare necessities',
[info] >       'Forget about your worries and your strife',
[info] >       'I mean the bare necessities',
[info] >       "Old Mother Nature's recipes",
[info] >       'That brings the bare necessities of life',
[info] >       '[Verse 1]',
[info] >       'Wherever I wander, wherever I roam',
[info] >       "I couldn't be fonder of my big home",
[info] >       "The bees are buzzin' in the tree",
[info] >       'To make some honey just for me',
[info] >       'When you look under the rocks and plants',
[info] >       'And take a glance at the fancy ants',
[info] >       'Then maybe try a few',
[info] >       '[Interlude 1]',
[info] >       '(You eat ants!?)',
[info] >       'Haha, you better believe it',
[info] >       "You're going to love the way they tickle",
[info] >       '(Mowgli, watch out!)',
[info] >       '[Bridge]',
[info] >       'The bare necessities of life will come to you',
[info] >       "They'll come to you!",
[info] >       '[Hook 2]',
[info] >       'Look for the bare necessities',
[info] >       'The simple bare necessities',
[info] >       'Forget about your worries and your strife',
[info] >       'I mean the bare necessities',
[info] >       "That's why a bear can rest at ease",
[info] >       'With just the bare necessities of life',
[info] >       '[Verse 2]',
[info] >       'Now when you pick a pawpaw',
[info] >       'Or a prickly pear',
[info] >       'And you prick a raw paw',
[info] >       'Next time beware',
[info] >       "Don't pick the prickly pear by the paw",
[info] >       'When you pick a pear',
[info] >       'Try to use the claw',
[info] >       "But you don't need to use the claw",
[info] >       'When you pick a pear of the big pawpaw',
[info] >       '[Interlude 2]',
[info] >       'Have I given you a clue?',
[info] >       '(Golly, thanks Baloo!)',
[info] >       '(Pawpaw, hah! Of all the silly gibberish)',
[info] >       "C'mon Baggy, get with the beat!",
[info] >       '[Bridge]',
[info] >       'The bare necessities of life will come to you',
[info] >       "They'll come to you!",
[info] >       '[Verse 3]',
[info] >       'So just try and relax, yeah cool it',
[info] >       'Fall apart in my backyard',
[info] >       'Cause let me tell you something little britches',
[info] >       'If you act like that bee acts, uh uh',
[info] >       "You're working too hard",
[info] >       '[Verse 4]',
[info] >       "And don't spend your time lookin' around",
[info] >       "For something you want that can't be found",
[info] >       'When you find out you can live without it',
[info] >       "And go along not thinkin' about it",
[info] >       "I'll tell you something true",
[info] >       '[Bridge]',
[info] >       'The bare necessities of life will come to you',
[info] >       "They'll come to you!" ],
[info] >    words:
[info] >     [ { word: '[Hook', line: 0 },
[info] >       { word: '1]', line: 0 },
[info] >       { word: 'Look', line: 1 },
[info] >       { word: 'for', line: 1 },
[info] >       { word: 'the', line: 1 },
[info] >       { word: 'bare', line: 1 },
[info] >       { word: 'necessities', line: 1 },
[info] >       { word: 'The', line: 2 },
[info] >       { word: 'simple', line: 2 },
[info] >       { word: 'bare', line: 2 },
[info] >       { word: 'necessities', line: 2 },
[info] >       { word: 'Forget', line: 3 },
[info] >       { word: 'about', line: 3 },
[info] >       { word: 'your', line: 3 },
[info] >       { word: 'worries', line: 3 },
[info] >       { word: 'and', line: 3 },
[info] >       { word: 'your', line: 3 },
[info] >       { word: 'strife', line: 3 },
[info] >       { word: 'I', line: 4 },
[info] >       { word: 'mean', line: 4 },
[info] >       { word: 'the', line: 4 },
[info] >       { word: 'bare', line: 4 },
[info] >       { word: 'necessities', line: 4 },
[info] >       { word: 'Old', line: 5 },
[info] >       { word: 'Mother', line: 5 },
[info] >       { word: "Nature's", line: 5 },
[info] >       { word: 'recipes', line: 5 },
[info] >       { word: 'That', line: 6 },
[info] >       { word: 'brings', line: 6 },
[info] >       { word: 'the', line: 6 },
[info] >       { word: 'bare', line: 6 },
[info] >       { word: 'necessities', line: 6 },
[info] >       { word: 'of', line: 6 },
[info] >       { word: 'life', line: 6 },
[info] >       { word: '[Verse', line: 7 },
[info] >       { word: '1]', line: 7 },
[info] >       { word: 'Wherever', line: 8 },
[info] >       { word: 'I', line: 8 },
[info] >       { word: 'wander,', line: 8 },
[info] >       { word: 'wherever', line: 8 },
[info] >       { word: 'I', line: 8 },
[info] >       { word: 'roam', line: 8 },
[info] >       { word: 'I', line: 9 },
[info] >       { word: "couldn't", line: 9 },
[info] >       { word: 'be', line: 9 },
[info] >       { word: 'fonder', line: 9 },
[info] >       { word: 'of', line: 9 },
[info] >       { word: 'my', line: 9 },
[info] >       { word: 'big', line: 9 },
[info] >       { word: 'home', line: 9 },
[info] >       { word: 'The', line: 10 },
[info] >       { word: 'bees', line: 10 },
[info] >       { word: 'are', line: 10 },
[info] >       { word: "buzzin'", line: 10 },
[info] >       { word: 'in', line: 10 },
[info] >       { word: 'the', line: 10 },
[info] >       { word: 'tree', line: 10 },
[info] >       { word: 'To', line: 11 },
[info] >       { word: 'make', line: 11 },
[info] >       { word: 'some', line: 11 },
[info] >       { word: 'honey', line: 11 },
[info] >       { word: 'just', line: 11 },
[info] >       { word: 'for', line: 11 },
[info] >       { word: 'me', line: 11 },
[info] >       { word: 'When', line: 12 },
[info] >       { word: 'you', line: 12 },
[info] >       { word: 'look', line: 12 },
[info] >       { word: 'under', line: 12 },
[info] >       { word: 'the', line: 12 },
[info] >       { word: 'rocks', line: 12 },
[info] >       { word: 'and', line: 12 },
[info] >       { word: 'plants', line: 12 },
[info] >       { word: 'And', line: 13 },
[info] >       { word: 'take', line: 13 },
[info] >       { word: 'a', line: 13 },
[info] >       { word: 'glance', line: 13 },
[info] >       { word: 'at', line: 13 },
[info] >       { word: 'the', line: 13 },
[info] >       { word: 'fancy', line: 13 },
[info] >       { word: 'ants', line: 13 },
[info] >       { word: 'Then', line: 14 },
[info] >       { word: 'maybe', line: 14 },
[info] >       { word: 'try', line: 14 },
[info] >       { word: 'a', line: 14 },
[info] >       { word: 'few', line: 14 },
[info] >       { word: '[Interlude', line: 15 },
[info] >       { word: '1]', line: 15 },
[info] >       { word: '(You', line: 16 },
[info] >       { word: 'eat', line: 16 },
[info] >       { word: 'ants!?)', line: 16 },
[info] >       { word: 'Haha,', line: 17 },
[info] >       { word: 'you', line: 17 },
[info] >       { word: 'better', line: 17 },
[info] >       { word: 'believe', line: 17 },
[info] >       { word: 'it', line: 17 },
[info] >       { word: "You're", line: 18 },
[info] >       { word: 'going', line: 18 },
[info] >       { word: 'to', line: 18 },
[info] >       { word: 'love', line: 18 },
[info] >       { word: 'the', line: 18 },
[info] >       ... 240 more items ] }
[info] i  functions: Finished "getLyrics" in ~3s
[debug] [2019-11-04T09:25:33.161Z] [worker-getLyrics-4b9fee25-25e2-45e3-b1ae-7ee253e756bb]: IDLE
